[0m12:58:45.895693 [debug] [MainThread]: Sending event: {'category': 'dbt', 'action': 'invocation', 'label': 'start', 'context': [<snowplow_tracker.self_describing_json.SelfDescribingJson object at 0x799f122d8980>, <snowplow_tracker.self_describing_json.SelfDescribingJson object at 0x799f13dbc050>, <snowplow_tracker.self_describing_json.SelfDescribingJson object at 0x799f1125bc50>]}


============================== 12:58:45.900647 | e8d6c484-8f98-4d25-b324-d1a1308ad27f ==============================
[0m12:58:45.900647 [info ] [MainThread]: Running with dbt=1.11.6
[0m12:58:45.901322 [debug] [MainThread]: running dbt with arguments {'version_check': 'True', 'use_experimental_parser': 'False', 'introspect': 'True', 'use_colors': 'True', 'empty': 'None', 'indirect_selection': 'eager', 'log_cache_events': 'False', 'profiles_dir': '/home/danielpedro/.dbt', 'invocation_command': 'dbt init', 'log_format': 'default', 'log_path': 'logs', 'no_print': 'None', 'printer_width': '80', 'warn_error_options': 'WarnErrorOptionsV2(error=[], warn=[], silence=[])', 'cache_selected_only': 'False', 'send_anonymous_usage_stats': 'True', 'partial_parse': 'True', 'quiet': 'False', 'write_json': 'True', 'fail_fast': 'False', 'target_path': 'None', 'warn_error': 'None', 'static_parser': 'True', 'debug': 'False'}
[0m12:58:45.910872 [info ] [MainThread]: Creating dbt configuration folder at /home/danielpedro/.dbt
[0m13:00:17.117172 [debug] [MainThread]: Starter project path: /home/danielpedro/Engenharia de Dados/dbt_estudos/dbt_exemple/.venv/lib/python3.13/site-packages/dbt/include/starter_project
[0m13:00:17.129285 [info ] [MainThread]: 
Your new dbt project "dbt_example" was created!

For more information on how to configure the profiles.yml file,
please consult the dbt documentation here:

  https://docs.getdbt.com/docs/configure-your-profile

One more thing:

Need help? Don't hesitate to reach out to us via GitHub issues or on Slack:

  https://community.getdbt.com/

Happy modeling!

[0m13:00:17.131452 [info ] [MainThread]: Setting up your profile.
[0m13:00:48.505262 [info ] [MainThread]: Profile dbt_example written to /home/danielpedro/.dbt/profiles.yml using target's profile_template.yml and your supplied values. Run 'dbt debug' to validate the connection.
[0m13:00:48.510100 [debug] [MainThread]: Resource report: {"command_name": "init", "command_success": true, "command_wall_clock_time": 122.69318, "process_in_blocks": "21456", "process_kernel_time": 3.325932, "process_mem_max_rss": "381892", "process_out_blocks": "88", "process_user_time": 13.466941}
[0m13:00:48.515042 [debug] [MainThread]: Command `dbt init` succeeded at 13:00:48.514392 after 122.70 seconds
[0m13:00:48.517138 [debug] [MainThread]: Sending event: {'category': 'dbt', 'action': 'invocation', 'label': 'end', 'context': [<snowplow_tracker.self_describing_json.SelfDescribingJson object at 0x799edd82b100>, <snowplow_tracker.self_describing_json.SelfDescribingJson object at 0x799f113428d0>, <snowplow_tracker.self_describing_json.SelfDescribingJson object at 0x799eda5a6250>]}
[0m13:00:48.519890 [debug] [MainThread]: Flushing usage events
[0m13:00:49.536307 [debug] [MainThread]: An error was encountered while trying to flush usage events
[0m13:31:50.822572 [debug] [MainThread]: Sending event: {'category': 'dbt', 'action': 'invocation', 'label': 'start', 'context': [<snowplow_tracker.self_describing_json.SelfDescribingJson object at 0x7b94dd6e8980>, <snowplow_tracker.self_describing_json.SelfDescribingJson object at 0x7b94df0c4050>, <snowplow_tracker.self_describing_json.SelfDescribingJson object at 0x7b94dc66bc50>]}


============================== 13:31:50.826521 | 308f8540-42f9-44e6-a40b-e9658b6dded0 ==============================
[0m13:31:50.826521 [info ] [MainThread]: Running with dbt=1.11.6
[0m13:31:50.827179 [debug] [MainThread]: running dbt with arguments {'warn_error': 'None', 'no_print': 'None', 'debug': 'False', 'fail_fast': 'False', 'printer_width': '80', 'indirect_selection': 'eager', 'empty': 'None', 'introspect': 'True', 'log_path': 'logs', 'cache_selected_only': 'False', 'static_parser': 'True', 'use_experimental_parser': 'False', 'profiles_dir': '/home/danielpedro/.dbt', 'log_format': 'default', 'target_path': 'None', 'version_check': 'True', 'use_colors': 'True', 'partial_parse': 'True', 'warn_error_options': 'WarnErrorOptionsV2(error=[], warn=[], silence=[])', 'log_cache_events': 'False', 'send_anonymous_usage_stats': 'True', 'invocation_command': 'dbt debug', 'quiet': 'False', 'write_json': 'True'}
[0m13:31:50.847242 [info ] [MainThread]: dbt version: 1.11.6
[0m13:31:50.847711 [info ] [MainThread]: python version: 3.13.11
[0m13:31:50.848306 [info ] [MainThread]: python path: /home/danielpedro/Engenharia de Dados/dbt_estudos/dbt_exemple/.venv/bin/python
[0m13:31:50.848898 [info ] [MainThread]: os info: Linux-6.17.0-14-generic-x86_64-with-glibc2.42
[0m13:32:03.100282 [info ] [MainThread]: Using profiles dir at /home/danielpedro/.dbt
[0m13:32:03.101422 [info ] [MainThread]: Using profiles.yml file at /home/danielpedro/.dbt/profiles.yml
[0m13:32:03.101984 [info ] [MainThread]: Using dbt_project.yml file at /home/danielpedro/Engenharia de Dados/dbt_estudos/dbt_exemple/dbt_project.yml
[0m13:32:03.102523 [info ] [MainThread]: adapter type: bigquery
[0m13:32:03.103059 [info ] [MainThread]: adapter version: 1.11.0
[0m13:32:03.103721 [info ] [MainThread]: Configuration:
[0m13:32:03.104293 [info ] [MainThread]:   profiles.yml file [[32mOK found and valid[0m]
[0m13:32:03.104855 [info ] [MainThread]:   dbt_project.yml file [[31mERROR not found[0m]
[0m13:32:03.105424 [info ] [MainThread]: Required dependencies:
[0m13:32:03.106024 [debug] [MainThread]: Executing "git --help"
[0m13:32:03.109968 [debug] [MainThread]: STDOUT: "b"usage: git [-v | --version] [-h | --help] [-C <path>] [-c <name>=<value>]\n           [--exec-path[=<path>]] [--html-path] [--man-path] [--info-path]\n           [-p | --paginate | -P | --no-pager] [--no-replace-objects] [--no-lazy-fetch]\n           [--no-optional-locks] [--no-advice] [--bare] [--git-dir=<path>]\n           [--work-tree=<path>] [--namespace=<name>] [--config-env=<name>=<envvar>]\n           <command> [<args>]\n\nThese are common Git commands used in various situations:\n\nstart a working area (see also: git help tutorial)\n   clone      Clone a repository into a new directory\n   init       Create an empty Git repository or reinitialize an existing one\n\nwork on the current change (see also: git help everyday)\n   add        Add file contents to the index\n   mv         Move or rename a file, a directory, or a symlink\n   restore    Restore working tree files\n   rm         Remove files from the working tree and from the index\n\nexamine the history and state (see also: git help revisions)\n   bisect     Use binary search to find the commit that introduced a bug\n   diff       Show changes between commits, commit and working tree, etc\n   grep       Print lines matching a pattern\n   log        Show commit logs\n   show       Show various types of objects\n   status     Show the working tree status\n\ngrow, mark and tweak your common history\n   backfill   Download missing objects in a partial clone\n   branch     List, create, or delete branches\n   commit     Record changes to the repository\n   merge      Join two or more development histories together\n   rebase     Reapply commits on top of another base tip\n   reset      Reset current HEAD to the specified state\n   switch     Switch branches\n   tag        Create, list, delete or verify tags\n\ncollaborate (see also: git help workflows)\n   fetch      Download objects and refs from another repository\n   pull       Fetch from and integrate with another repository or a local branch\n   push       Update remote refs along with associated objects\n\n'git help -a' and 'git help -g' list available subcommands and some\nconcept guides. See 'git help <command>' or 'git help <concept>'\nto read about a specific subcommand or concept.\nSee 'git help git' for an overview of the system.\n""
[0m13:32:03.110926 [debug] [MainThread]: STDERR: "b''"
[0m13:32:03.111667 [info ] [MainThread]:  - git [[32mOK found[0m]

[0m13:32:03.112980 [info ] [MainThread]: Connection:
[0m13:32:03.113972 [info ] [MainThread]:   method: oauth
[0m13:32:03.115403 [info ] [MainThread]:   database: 1
[0m13:32:03.116420 [info ] [MainThread]:   execution_project: 1
[0m13:32:03.117271 [info ] [MainThread]:   schema: 1
[0m13:32:03.117816 [info ] [MainThread]:   location: US
[0m13:32:03.118329 [info ] [MainThread]:   priority: interactive
[0m13:32:03.118858 [info ] [MainThread]:   maximum_bytes_billed: None
[0m13:32:03.119410 [info ] [MainThread]:   impersonate_service_account: None
[0m13:32:03.120135 [info ] [MainThread]:   job_retry_deadline_seconds: None
[0m13:32:03.120929 [info ] [MainThread]:   job_retries: 1
[0m13:32:03.122467 [info ] [MainThread]:   job_creation_timeout_seconds: None
[0m13:32:03.123289 [info ] [MainThread]:   job_execution_timeout_seconds: 1
[0m13:32:03.123938 [info ] [MainThread]:   timeout_seconds: 1
[0m13:32:03.124502 [info ] [MainThread]:   client_id: None
[0m13:32:03.125457 [info ] [MainThread]:   token_uri: None
[0m13:32:03.126796 [info ] [MainThread]:   compute_region: None
[0m13:32:03.129584 [info ] [MainThread]:   dataproc_cluster_name: None
[0m13:32:03.131131 [info ] [MainThread]:   gcs_bucket: None
[0m13:32:03.131957 [info ] [MainThread]:   dataproc_batch: None
[0m13:32:03.133391 [info ] [MainThread]: Registered adapter: bigquery=1.11.0
[0m13:32:03.523253 [debug] [MainThread]: Acquiring new bigquery connection 'debug'
[0m13:32:03.523894 [debug] [MainThread]: On debug: select 1 as id
[0m13:32:03.524453 [debug] [MainThread]: Opening a new connection, currently in state init
[0m13:32:15.386558 [debug] [MainThread]: BigQuery adapter: Got an error when attempting to create a bigquery " "client: 'Runtime Error
  Failed to authenticate with supplied credentials
  error:
  Your default credentials were not found. To set up Application Default Credentials, see https://cloud.google.com/docs/authentication/external/set-up-adc for more information.'
[0m13:32:15.387146 [debug] [MainThread]: BigQuery adapter: Unhandled error while running:
select 1 as id
[0m13:32:15.387722 [debug] [MainThread]: BigQuery adapter: Database Error
  Runtime Error
    Failed to authenticate with supplied credentials
    error:
    Your default credentials were not found. To set up Application Default Credentials, see https://cloud.google.com/docs/authentication/external/set-up-adc for more information.
[0m13:32:15.388183 [info ] [MainThread]:   Connection test: [[31mERROR[0m]

[0m13:32:15.388702 [info ] [MainThread]: [31m2 checks failed:[0m
[0m13:32:15.389138 [info ] [MainThread]: Project loading failed for the following reason:
 project path </home/danielpedro/Engenharia de Dados/dbt_estudos/dbt_exemple/dbt_project.yml> not found

[0m13:32:15.389612 [info ] [MainThread]: dbt was unable to connect to the specified database.
The database returned the following error:

  >'NoneType' object has no attribute 'close'

Check your database credentials and try again. For more information, visit:
https://docs.getdbt.com/docs/configure-your-profile


[0m13:32:15.390951 [debug] [MainThread]: Resource report: {"command_name": "debug", "command_success": false, "command_wall_clock_time": 24.662386, "process_in_blocks": "14200", "process_kernel_time": 3.434341, "process_mem_max_rss": "382596", "process_out_blocks": "32", "process_user_time": 12.796029}
[0m13:32:15.392353 [debug] [MainThread]: Command `dbt debug` failed at 13:32:15.392132 after 24.66 seconds
[0m13:32:15.393017 [debug] [MainThread]: Sending event: {'category': 'dbt', 'action': 'invocation', 'label': 'end', 'context': [<snowplow_tracker.self_describing_json.SelfDescribingJson object at 0x7b94a5add810>, <snowplow_tracker.self_describing_json.SelfDescribingJson object at 0x7b94a5774050>, <snowplow_tracker.self_describing_json.SelfDescribingJson object at 0x7b94a58db460>]}
[0m13:32:15.393629 [debug] [MainThread]: Flushing usage events
[0m13:32:16.208794 [debug] [MainThread]: An error was encountered while trying to flush usage events
